0 info it worked if it ends with ok
1 verbose cli [ '/Users/keitamoromizato/.nvm/v4.2.1/bin/node',
1 verbose cli   '/Users/keitamoromizato/.nvm/v4.2.1/bin/npm',
1 verbose cli   'publish' ]
2 info using npm@2.14.7
3 info using node@v4.2.1
4 verbose publish [ '.' ]
5 silly cache add args [ '.', null ]
6 verbose cache add spec .
7 silly cache add parsed spec Result {
7 silly cache add   raw: '.',
7 silly cache add   scope: null,
7 silly cache add   name: null,
7 silly cache add   rawSpec: '.',
7 silly cache add   spec: '/Users/keitamoromizato/work/dev/20_workspace/tools/unmarkdown',
7 silly cache add   type: 'directory' }
8 verbose addLocalDirectory /Users/keitamoromizato/.npm/unmarkdown/1.0.2/package.tgz not in flight; packing
9 verbose tar pack [ '/Users/keitamoromizato/.npm/unmarkdown/1.0.2/package.tgz',
9 verbose tar pack   '/Users/keitamoromizato/work/dev/20_workspace/tools/unmarkdown' ]
10 verbose tarball /Users/keitamoromizato/.npm/unmarkdown/1.0.2/package.tgz
11 verbose folder /Users/keitamoromizato/work/dev/20_workspace/tools/unmarkdown
12 info prepublish unmarkdown@1.0.2
13 verbose unsafe-perm in lifecycle true
14 verbose addLocalTarball adding from inside cache /Users/keitamoromizato/.npm/unmarkdown/1.0.2/package.tgz
15 silly cache afterAdd unmarkdown@1.0.2
16 verbose afterAdd /Users/keitamoromizato/.npm/unmarkdown/1.0.2/package/package.json not in flight; writing
17 verbose afterAdd /Users/keitamoromizato/.npm/unmarkdown/1.0.2/package/package.json written
18 silly publish { name: 'unmarkdown',
18 silly publish   repository:
18 silly publish    { type: 'git',
18 silly publish      url: 'git+https://github.com/KeitaMoromizato/unmarkdown.git' },
18 silly publish   version: '1.0.2',
18 silly publish   description: 'un markdown',
18 silly publish   main: 'lib/index.js',
18 silly publish   files: [ 'lib' ],
18 silly publish   scripts:
18 silly publish    { build: 'babel src --out-dir lib --source-maps',
18 silly publish      watch: 'babel src --out-dir lib --watch --source-maps',
18 silly publish      prepublish: 'npm run --if-present build',
18 silly publish      test: 'mocha' },
18 silly publish   keywords: [ 'markdown' ],
18 silly publish   bugs: { url: 'https://github.com/KeitaMoromizato/unmarkdown/issues' },
18 silly publish   author: { name: 'Keita Moromizato', email: 'keita.moromi@gmail.com' },
18 silly publish   license: 'MIT',
18 silly publish   devDependencies:
18 silly publish    { babel: '^5.8.34',
18 silly publish      'espower-babel': '^3.3.0',
18 silly publish      mocha: '^2.3.4',
18 silly publish      'power-assert': '^1.2.0' },
18 silly publish   readme: '# unmarkedown\n\nun markdown\n\n## Installation\n\n```\n$ npm install unmarkdown\n```\n\n## Usage\n\n```\nimport unmarkdown form \'unmarkdown\';\n\nconst text = `\n# header\ncontents\n\n> quote\n\n## header2\n\n* list1\n* list2\n`;\n\nconst result = unmarkdown(text);\n// result = `\nheader\ncontents\n\nquote\n\nheader2\n\nlist1\nlist2\n`;\n```\n\n## Tests\n\n```\n$ npm test\n```\n\n## License\nMIT\n',
18 silly publish   readmeFilename: 'README.md',
18 silly publish   gitHead: '8351f69d5ed3d03764acdab7562d25868a4b8190',
18 silly publish   homepage: 'https://github.com/KeitaMoromizato/unmarkdown#readme',
18 silly publish   _id: 'unmarkdown@1.0.2',
18 silly publish   _shasum: 'ea44f55c4f1a18303e30015805586fc9e50c5864',
18 silly publish   _from: '.' }
19 verbose getPublishConfig undefined
20 silly mapToRegistry name unmarkdown
21 silly mapToRegistry using default registry
22 silly mapToRegistry registry https://registry.npmjs.org/
23 silly mapToRegistry uri https://registry.npmjs.org/unmarkdown
24 verbose publish registryBase https://registry.npmjs.org/
25 silly publish uploading /Users/keitamoromizato/.npm/unmarkdown/1.0.2/package.tgz
26 verbose request uri https://registry.npmjs.org/unmarkdown
27 verbose request sending authorization for write operation
28 info attempt registry request try #1 at 22:50:09
29 verbose request using bearer token for auth
30 verbose request id e3ecfb9e7d1eac84
31 http request PUT https://registry.npmjs.org/unmarkdown
32 http 403 https://registry.npmjs.org/unmarkdown
33 verbose headers { 'content-type': 'application/json',
33 verbose headers   'cache-control': 'max-age=300',
33 verbose headers   'content-length': '95',
33 verbose headers   'accept-ranges': 'bytes',
33 verbose headers   date: 'Mon, 01 Feb 2016 13:50:10 GMT',
33 verbose headers   via: '1.1 varnish',
33 verbose headers   connection: 'keep-alive',
33 verbose headers   'x-served-by': 'cache-nrt6122-NRT',
33 verbose headers   'x-cache': 'MISS',
33 verbose headers   'x-cache-hits': '0',
33 verbose headers   'x-timer': 'S1454334610.191898,VS0,VE521' }
34 verbose request invalidating /Users/keitamoromizato/.npm/registry.npmjs.org/unmarkdown on PUT
35 error publish Failed PUT 403
36 verbose stack Error: "You cannot publish over the previously published version 1.0.2." : unmarkdown
36 verbose stack     at makeError (/Users/keitamoromizato/.nvm/v4.2.1/lib/node_modules/npm/node_modules/npm-registry-client/lib/request.js:264:12)
36 verbose stack     at CachingRegistryClient.<anonymous> (/Users/keitamoromizato/.nvm/v4.2.1/lib/node_modules/npm/node_modules/npm-registry-client/lib/request.js:252:14)
36 verbose stack     at Request._callback (/Users/keitamoromizato/.nvm/v4.2.1/lib/node_modules/npm/node_modules/npm-registry-client/lib/request.js:172:14)
36 verbose stack     at Request.self.callback (/Users/keitamoromizato/.nvm/v4.2.1/lib/node_modules/npm/node_modules/request/request.js:198:22)
36 verbose stack     at emitTwo (events.js:87:13)
36 verbose stack     at Request.emit (events.js:172:7)
36 verbose stack     at Request.<anonymous> (/Users/keitamoromizato/.nvm/v4.2.1/lib/node_modules/npm/node_modules/request/request.js:1063:14)
36 verbose stack     at emitOne (events.js:82:20)
36 verbose stack     at Request.emit (events.js:169:7)
36 verbose stack     at IncomingMessage.<anonymous> (/Users/keitamoromizato/.nvm/v4.2.1/lib/node_modules/npm/node_modules/request/request.js:1009:12)
37 verbose statusCode 403
38 verbose pkgid unmarkdown
39 verbose cwd /Users/keitamoromizato/work/dev/20_workspace/tools/unmarkdown
40 error Darwin 14.5.0
41 error argv "/Users/keitamoromizato/.nvm/v4.2.1/bin/node" "/Users/keitamoromizato/.nvm/v4.2.1/bin/npm" "publish"
42 error node v4.2.1
43 error npm  v2.14.7
44 error code E403
45 error "You cannot publish over the previously published version 1.0.2." : unmarkdown
46 error If you need help, you may report this error at:
46 error     <https://github.com/npm/npm/issues>
47 verbose exit [ 1, true ]
